<?xml version="1.0" encoding="UTF-8"?>
<!-- Generated by org.testng.reporters.JUnitXMLReporter -->
<testsuite hostname="ITSG007949-MAC" ignored="0" name="Default test" tests="2" failures="0" timestamp="2022-08-08T00:40:57 SGT" time="57.853" errors="0">
  <testcase name="runScenario" time="29.007" classname="io.cucumber.testng.AbstractTestNGCucumberTests"/>
  <testcase name="runScenario" time="24.802" classname="io.cucumber.testng.AbstractTestNGCucumberTests"/>
</testsuite> <!-- Default test -->
