<?xml version="1.0" encoding="UTF-8"?>
<!-- Generated by org.testng.reporters.JUnitXMLReporter -->
<testsuite hostname="ITSG007949-MAC" ignored="0" name="Default test" tests="2" failures="0" timestamp="2022-08-08T14:52:51 SGT" time="50.582" errors="0">
  <testcase name="runScenario" time="27.658" classname="io.cucumber.testng.AbstractTestNGCucumberTests"/>
  <testcase name="runScenario" time="19.645" classname="io.cucumber.testng.AbstractTestNGCucumberTests"/>
</testsuite> <!-- Default test -->
